<?xml version="1.0" encoding="UTF-8"?>
<testsuite xmlns:xsi="http://www.w3.org/2001/XMLSchema-instance" xsi:noNamespaceSchemaLocation="https://maven.apache.org/surefire/maven-surefire-plugin/xsd/surefire-test-report-3.0.xsd" version="3.0" name="com.udacity.catpoint.securityservice.service.SecurityServiceTest" time="0.684" tests="21" errors="0" skipped="0" failures="0">
  <properties>
[...]
</properties>
  <testcase name="ifDisarmedAndAlarmIsActiveAndActivateAlarm_setToPendingAlarm" classname="com.udacity.catpoint.securityservice.service.SecurityServiceTest" time="0.539"/>
  <testcase name="ifAlarmIsArmedAndSensorIsActive_setAlarmStatusToPENDING_ALARM(ArmingStatus)[1]" classname="com.udacity.catpoint.securityservice.service.SecurityServiceTest" time="0.017"/>
  <testcase name="ifAlarmIsArmedAndSensorIsActive_setAlarmStatusToPENDING_ALARM(ArmingStatus)[2]" classname="com.udacity.catpoint.securityservice.service.SecurityServiceTest" time="0.003"/>
  <testcase name="ifDisarmed_setToNoAlarm" classname="com.udacity.catpoint.securityservice.service.SecurityServiceTest" time="0.002"/>
  <testcase name="ifImageNotContainsACatAndSensorsAreNotActive_setToNoAlarm" classname="com.udacity.catpoint.securityservice.service.SecurityServiceTest" time="0.003"/>
  <testcase name="ifPendingAlarmAndDeactivateASensor_setToNoAlarm" classname="com.udacity.catpoint.securityservice.service.SecurityServiceTest" time="0.003"/>
  <testcase name="ifArmed_setAllSensorsToInactive(ArmingStatus)[1]" classname="com.udacity.catpoint.securityservice.service.SecurityServiceTest" time="0.045"/>
  <testcase name="ifArmed_setAllSensorsToInactive(ArmingStatus)[2]" classname="com.udacity.catpoint.securityservice.service.SecurityServiceTest" time="0.002"/>
  <testcase name="ifPendingAlarmAndSensorsAreInactive_setToNoAlarm" classname="com.udacity.catpoint.securityservice.service.SecurityServiceTest" time="0.001"/>
  <testcase name="ifDeactivateAlreadyInActiveSensor_shouldNotAffectAlarmState" classname="com.udacity.catpoint.securityservice.service.SecurityServiceTest" time="0.001"/>
  <testcase name="testAddRemoveListener" classname="com.udacity.catpoint.securityservice.service.SecurityServiceTest" time="0"/>
  <testcase name="ifDisarmedAndActivateASensor_setToPendingAlarm" classname="com.udacity.catpoint.securityservice.service.SecurityServiceTest" time="0.001"/>
  <testcase name="ifArmed_homeAndImageContainsACat_setToAlarm" classname="com.udacity.catpoint.securityservice.service.SecurityServiceTest" time="0.001"/>
  <testcase name="ifPendingAndActivateAnAlreadyActivatedSensor_setToAlarm" classname="com.udacity.catpoint.securityservice.service.SecurityServiceTest" time="0.002"/>
  <testcase name="testAddRemoveSensor" classname="com.udacity.catpoint.securityservice.service.SecurityServiceTest" time="0.001"/>
  <testcase name="ifArmed_homeAndImageContainsACat_setAlarmToAlarm" classname="com.udacity.catpoint.securityservice.service.SecurityServiceTest" time="0.003"/>
  <testcase name="ifArmedHomeAndImageContainsACat_setToAlarm" classname="com.udacity.catpoint.securityservice.service.SecurityServiceTest" time="0.001"/>
  <testcase name="ifAlarmIsArmedAndSensorIsActiveAndSensorIsPendingAlarm_setAlarmStatusToAlarm(ArmingStatus)[1]" classname="com.udacity.catpoint.securityservice.service.SecurityServiceTest" time="0.001"/>
  <testcase name="ifAlarmIsArmedAndSensorIsActiveAndSensorIsPendingAlarm_setAlarmStatusToAlarm(ArmingStatus)[2]" classname="com.udacity.catpoint.securityservice.service.SecurityServiceTest" time="0.002"/>
  <testcase name="ifAlarmIsActive_sensorStateChange_shouldNotAffectAlarmState(boolean)[1]" classname="com.udacity.catpoint.securityservice.service.SecurityServiceTest" time="0.003"/>
  <testcase name="ifAlarmIsActive_sensorStateChange_shouldNotAffectAlarmState(boolean)[2]" classname="com.udacity.catpoint.securityservice.service.SecurityServiceTest" time="0.003"/>
</testsuite>